# JRE version: OpenJDK Runtime Environment (8.0_152-b02) (build 1.8.0_152-release-1024-b02)
# Java VM: OpenJDK 64-Bit Server VM (25.152-b02 mixed mode windows-amd64 compressed oops)
Heap:
 PSYoungGen      total 224256K, used 148375K [0x00000000e0000000, 0x00000000f1f80000, 0x0000000100000000)
  eden space 202240K, 67% used [0x00000000e0000000,0x00000000e84fd5f0,0x00000000ec580000)
  from space 22016K, 55% used [0x00000000ec580000,0x00000000ed168950,0x00000000edb00000)
  to   space 21504K, 0% used [0x00000000f0a80000,0x00000000f0a80000,0x00000000f1f80000)
 ParOldGen       total 96768K, used 44159K [0x00000000a0000000, 0x00000000a5e80000, 0x00000000e0000000)
  object space 96768K, 45% used [0x00000000a0000000,0x00000000a2b1fda0,0x00000000a5e80000)
 Metaspace       used 69710K, capacity 72552K, committed 72832K, reserved 1112064K
  class space    used 9141K, capacity 9801K, committed 9856K, reserved 1048576K
GC Heap History (10 events):
Event: 5.980 GC heap before
{Heap before GC invocations=10 (full 2):
 PSYoungGen      total 140800K, used 131072K [0x00000000e0000000, 0x00000000eb780000, 0x0000000100000000)
  eden space 131072K, 100% used [0x00000000e0000000,0x00000000e8000000,0x00000000e8000000)
  from space 9728K, 0% used [0x00000000e8000000,0x00000000e8000000,0x00000000e8980000)
  to   space 12288K, 0% used [0x00000000eab80000,0x00000000eab80000,0x00000000eb780000)
 ParOldGen       total 96768K, used 19431K [0x00000000a0000000, 0x00000000a5e80000, 0x00000000e0000000)
  object space 96768K, 20% used [0x00000000a0000000,0x00000000a12f9ef8,0x00000000a5e80000)
 Metaspace       used 42994K, capacity 44018K, committed 44160K, reserved 1087488K
  class space    used 5929K, capacity 6238K, committed 6272K, reserved 1048576K
Event: 5.998 GC heap after
Heap after GC invocations=10 (full 2):
 PSYoungGen      total 173056K, used 12283K [0x00000000e0000000, 0x00000000ed800000, 0x0000000100000000)
  eden space 160768K, 0% used [0x00000000e0000000,0x00000000e0000000,0x00000000e9d00000)
  from space 12288K, 99% used [0x00000000eab80000,0x00000000eb77ed90,0x00000000eb780000)
  to   space 14848K, 0% used [0x00000000e9d00000,0x00000000e9d00000,0x00000000eab80000)
 ParOldGen       total 96768K, used 21420K [0x00000000a0000000, 0x00000000a5e80000, 0x00000000e0000000)
  object space 96768K, 22% used [0x00000000a0000000,0x00000000a14eb378,0x00000000a5e80000)
 Metaspace       used 42994K, capacity 44018K, committed 44160K, reserved 1087488K
  class space    used 5929K, capacity 6238K, committed 6272K, reserved 1048576K
}
Event: 7.858 GC heap before
{Heap before GC invocations=11 (full 2):
 PSYoungGen      total 173056K, used 173051K [0x00000000e0000000, 0x00000000ed800000, 0x0000000100000000)
  eden space 160768K, 100% used [0x00000000e0000000,0x00000000e9d00000,0x00000000e9d00000)
  from space 12288K, 99% used [0x00000000eab80000,0x00000000eb77ed90,0x00000000eb780000)
  to   space 14848K, 0% used [0x00000000e9d00000,0x00000000e9d00000,0x00000000eab80000)
 ParOldGen       total 96768K, used 21420K [0x00000000a0000000, 0x00000000a5e80000, 0x00000000e0000000)
  object space 96768K, 22% used [0x00000000a0000000,0x00000000a14eb378,0x00000000a5e80000)
 Metaspace       used 54799K, capacity 56498K, committed 56704K, reserved 1097728K
  class space    used 7536K, capacity 7950K, committed 8064K, reserved 1048576K
Event: 7.874 GC heap after
Heap after GC invocations=11 (full 2):
 PSYoungGen      total 175616K, used 14837K [0x00000000e0000000, 0x00000000ef000000, 0x0000000100000000)
  eden space 160768K, 0% used [0x00000000e0000000,0x00000000e0000000,0x00000000e9d00000)
  from space 14848K, 99% used [0x00000000e9d00000,0x00000000eab7d500,0x00000000eab80000)
  to   space 21504K, 0% used [0x00000000edb00000,0x00000000edb00000,0x00000000ef000000)
 ParOldGen       total 96768K, used 33303K [0x00000000a0000000, 0x00000000a5e80000, 0x00000000e0000000)
  object space 96768K, 34% used [0x00000000a0000000,0x00000000a2085ce0,0x00000000a5e80000)
 Metaspace       used 54799K, capacity 56498K, committed 56704K, reserved 1097728K
  class space    used 7536K, capacity 7950K, committed 8064K, reserved 1048576K
}
Event: 8.135 GC heap before
{Heap before GC invocations=12 (full 2):
 PSYoungGen      total 175616K, used 31254K [0x00000000e0000000, 0x00000000ef000000, 0x0000000100000000)
  eden space 160768K, 10% used [0x00000000e0000000,0x00000000e1008598,0x00000000e9d00000)
  from space 14848K, 99% used [0x00000000e9d00000,0x00000000eab7d500,0x00000000eab80000)
  to   space 21504K, 0% used [0x00000000edb00000,0x00000000edb00000,0x00000000ef000000)
 ParOldGen       total 96768K, used 33303K [0x00000000a0000000, 0x00000000a5e80000, 0x00000000e0000000)
  object space 96768K, 34% used [0x00000000a0000000,0x00000000a2085ce0,0x00000000a5e80000)
 Metaspace       used 57201K, capacity 58898K, committed 59008K, reserved 1099776K
  class space    used 7807K, capacity 8238K, committed 8320K, reserved 1048576K
Event: 8.148 GC heap after
Heap after GC invocations=12 (full 2):
 PSYoungGen      total 223744K, used 14329K [0x00000000e0000000, 0x00000000efd80000, 0x0000000100000000)
  eden space 202240K, 0% used [0x00000000e0000000,0x00000000e0000000,0x00000000ec580000)
  from space 21504K, 66% used [0x00000000edb00000,0x00000000ee8fe668,0x00000000ef000000)
  to   space 22016K, 0% used [0x00000000ec580000,0x00000000ec580000,0x00000000edb00000)
 ParOldGen       total 96768K, used 38343K [0x00000000a0000000, 0x00000000a5e80000, 0x00000000e0000000)
  object space 96768K, 39% used [0x00000000a0000000,0x00000000a2571c18,0x00000000a5e80000)
 Metaspace       used 57201K, capacity 58898K, committed 59008K, reserved 1099776K
  class space    used 7807K, capacity 8238K, committed 8320K, reserved 1048576K
}
Event: 8.148 GC heap before
{Heap before GC invocations=13 (full 3):
 PSYoungGen      total 223744K, used 14329K [0x00000000e0000000, 0x00000000efd80000, 0x0000000100000000)
  eden space 202240K, 0% used [0x00000000e0000000,0x00000000e0000000,0x00000000ec580000)
  from space 21504K, 66% used [0x00000000edb00000,0x00000000ee8fe668,0x00000000ef000000)
  to   space 22016K, 0% used [0x00000000ec580000,0x00000000ec580000,0x00000000edb00000)
 ParOldGen       total 96768K, used 38343K [0x00000000a0000000, 0x00000000a5e80000, 0x00000000e0000000)
  object space 96768K, 39% used [0x00000000a0000000,0x00000000a2571c18,0x00000000a5e80000)
 Metaspace       used 57201K, capacity 58898K, committed 59008K, reserved 1099776K
  class space    used 7807K, capacity 8238K, committed 8320K, reserved 1048576K
Event: 8.280 GC heap after
Heap after GC invocations=13 (full 3):
 PSYoungGen      total 223744K, used 0K [0x00000000e0000000, 0x00000000efd80000, 0x0000000100000000)
  eden space 202240K, 0% used [0x00000000e0000000,0x00000000e0000000,0x00000000ec580000)
  from space 21504K, 0% used [0x00000000edb00000,0x00000000edb00000,0x00000000ef000000)
  to   space 22016K, 0% used [0x00000000ec580000,0x00000000ec580000,0x00000000edb00000)
 ParOldGen       total 96768K, used 44151K [0x00000000a0000000, 0x00000000a5e80000, 0x00000000e0000000)
  object space 96768K, 45% used [0x00000000a0000000,0x00000000a2b1dda0,0x00000000a5e80000)
 Metaspace       used 57201K, capacity 58898K, committed 59008K, reserved 1099776K
  class space    used 7807K, capacity 8238K, committed 8320K, reserved 1048576K
}
Event: 189.377 GC heap before
{Heap before GC invocations=14 (full 3):
 PSYoungGen      total 223744K, used 202240K [0x00000000e0000000, 0x00000000efd80000, 0x0000000100000000)
  eden space 202240K, 100% used [0x00000000e0000000,0x00000000ec580000,0x00000000ec580000)
  from space 21504K, 0% used [0x00000000edb00000,0x00000000edb00000,0x00000000ef000000)
  to   space 22016K, 0% used [0x00000000ec580000,0x00000000ec580000,0x00000000edb00000)
 ParOldGen       total 96768K, used 44151K [0x00000000a0000000, 0x00000000a5e80000, 0x00000000e0000000)
  object space 96768K, 45% used [0x00000000a0000000,0x00000000a2b1dda0,0x00000000a5e80000)
 Metaspace       used 62055K, capacity 63990K, committed 64256K, reserved 1105920K
  class space    used 8112K, capacity 8590K, committed 8704K, reserved 1048576K
Event: 189.388 GC heap after
Heap after GC invocations=14 (full 3):
 PSYoungGen      total 224256K, used 12194K [0x00000000e0000000, 0x00000000f1f80000, 0x0000000100000000)
  eden space 202240K, 0% used [0x00000000e0000000,0x00000000e0000000,0x00000000ec580000)
  from space 22016K, 55% used [0x00000000ec580000,0x00000000ed168950,0x00000000edb00000)
  to   space 21504K, 0% used [0x00000000f0a80000,0x00000000f0a80000,0x00000000f1f80000)
 ParOldGen       total 96768K, used 44159K [0x00000000a0000000, 0x00000000a5e80000, 0x00000000e0000000)
  object space 96768K, 45% used [0x00000000a0000000,0x00000000a2b1fda0,0x00000000a5e80000)
 Metaspace       used 62055K, capacity 63990K, committed 64256K, reserved 1105920K
  class space    used 8112K, capacity 8590K, committed 8704K, reserved 1048576K
}

