# JRE version: OpenJDK Runtime Environment (8.0_152-b02) (build 1.8.0_152-release-1024-b02)
# Java VM: OpenJDK 64-Bit Server VM (25.152-b02 mixed mode windows-amd64 compressed oops)
Heap:
 PSYoungGen      total 196096K, used 27402K [0x00000000e0000000, 0x00000000f0e80000, 0x0000000100000000)
  eden space 181248K, 15% used [0x00000000e0000000,0x00000000e1ac29d8,0x00000000eb100000)
  from space 14848K, 0% used [0x00000000eb100000,0x00000000eb100000,0x00000000ebf80000)
  to   space 23552K, 0% used [0x00000000ef780000,0x00000000ef780000,0x00000000f0e80000)
 ParOldGen       total 139776K, used 44158K [0x00000000a0000000, 0x00000000a8880000, 0x00000000e0000000)
  object space 139776K, 31% used [0x00000000a0000000,0x00000000a2b1f918,0x00000000a8880000)
 Metaspace       used 58386K, capacity 60114K, committed 60288K, reserved 1101824K
  class space    used 7895K, capacity 8302K, committed 8320K, reserved 1048576K
GC Heap History (10 events):
Event: 3.673 GC heap before
{Heap before GC invocations=8 (full 1):
 PSYoungGen      total 119808K, used 98802K [0x00000000e0000000, 0x00000000e9300000, 0x0000000100000000)
  eden space 112128K, 81% used [0x00000000e0000000,0x00000000e595a770,0x00000000e6d80000)
  from space 7680K, 95% used [0x00000000e8b80000,0x00000000e92a2110,0x00000000e9300000)
  to   space 9728K, 0% used [0x00000000e8000000,0x00000000e8000000,0x00000000e8980000)
 ParOldGen       total 54784K, used 8040K [0x00000000a0000000, 0x00000000a3580000, 0x00000000e0000000)
  object space 54784K, 14% used [0x00000000a0000000,0x00000000a07da200,0x00000000a3580000)
 Metaspace       used 34636K, capacity 35322K, committed 35416K, reserved 1079296K
  class space    used 4782K, capacity 5035K, committed 5120K, reserved 1048576K
Event: 3.681 GC heap after
Heap after GC invocations=8 (full 1):
 PSYoungGen      total 140800K, used 9714K [0x00000000e0000000, 0x00000000ecb80000, 0x0000000100000000)
  eden space 131072K, 0% used [0x00000000e0000000,0x00000000e0000000,0x00000000e8000000)
  from space 9728K, 99% used [0x00000000e8000000,0x00000000e897c808,0x00000000e8980000)
  to   space 12288K, 0% used [0x00000000ebf80000,0x00000000ebf80000,0x00000000ecb80000)
 ParOldGen       total 54784K, used 11294K [0x00000000a0000000, 0x00000000a3580000, 0x00000000e0000000)
  object space 54784K, 20% used [0x00000000a0000000,0x00000000a0b07a98,0x00000000a3580000)
 Metaspace       used 34636K, capacity 35322K, committed 35416K, reserved 1079296K
  class space    used 4782K, capacity 5035K, committed 5120K, reserved 1048576K
}
Event: 3.681 GC heap before
{Heap before GC invocations=9 (full 2):
 PSYoungGen      total 140800K, used 9714K [0x00000000e0000000, 0x00000000ecb80000, 0x0000000100000000)
  eden space 131072K, 0% used [0x00000000e0000000,0x00000000e0000000,0x00000000e8000000)
  from space 9728K, 99% used [0x00000000e8000000,0x00000000e897c808,0x00000000e8980000)
  to   space 12288K, 0% used [0x00000000ebf80000,0x00000000ebf80000,0x00000000ecb80000)
 ParOldGen       total 54784K, used 11294K [0x00000000a0000000, 0x00000000a3580000, 0x00000000e0000000)
  object space 54784K, 20% used [0x00000000a0000000,0x00000000a0b07a98,0x00000000a3580000)
 Metaspace       used 34636K, capacity 35322K, committed 35416K, reserved 1079296K
  class space    used 4782K, capacity 5035K, committed 5120K, reserved 1048576K
Event: 3.728 GC heap after
Heap after GC invocations=9 (full 2):
 PSYoungGen      total 140800K, used 0K [0x00000000e0000000, 0x00000000ecb80000, 0x0000000100000000)
  eden space 131072K, 0% used [0x00000000e0000000,0x00000000e0000000,0x00000000e8000000)
  from space 9728K, 0% used [0x00000000e8000000,0x00000000e8000000,0x00000000e8980000)
  to   space 12288K, 0% used [0x00000000ebf80000,0x00000000ebf80000,0x00000000ecb80000)
 ParOldGen       total 87040K, used 19529K [0x00000000a0000000, 0x00000000a5500000, 0x00000000e0000000)
  object space 87040K, 22% used [0x00000000a0000000,0x00000000a1312490,0x00000000a5500000)
 Metaspace       used 34636K, capacity 35322K, committed 35416K, reserved 1079296K
  class space    used 4782K, capacity 5035K, committed 5120K, reserved 1048576K
}
Event: 5.183 GC heap before
{Heap before GC invocations=10 (full 2):
 PSYoungGen      total 140800K, used 131072K [0x00000000e0000000, 0x00000000ecb80000, 0x0000000100000000)
  eden space 131072K, 100% used [0x00000000e0000000,0x00000000e8000000,0x00000000e8000000)
  from space 9728K, 0% used [0x00000000e8000000,0x00000000e8000000,0x00000000e8980000)
  to   space 12288K, 0% used [0x00000000ebf80000,0x00000000ebf80000,0x00000000ecb80000)
 ParOldGen       total 87040K, used 19529K [0x00000000a0000000, 0x00000000a5500000, 0x00000000e0000000)
  object space 87040K, 22% used [0x00000000a0000000,0x00000000a1312490,0x00000000a5500000)
 Metaspace       used 43011K, capacity 44032K, committed 44160K, reserved 1087488K
  class space    used 5938K, capacity 6241K, committed 6272K, reserved 1048576K
Event: 5.194 GC heap after
Heap after GC invocations=10 (full 2):
 PSYoungGen      total 193536K, used 12273K [0x00000000e0000000, 0x00000000edb80000, 0x0000000100000000)
  eden space 181248K, 0% used [0x00000000e0000000,0x00000000e0000000,0x00000000eb100000)
  from space 12288K, 99% used [0x00000000ebf80000,0x00000000ecb7c430,0x00000000ecb80000)
  to   space 14848K, 0% used [0x00000000eb100000,0x00000000eb100000,0x00000000ebf80000)
 ParOldGen       total 87040K, used 21635K [0x00000000a0000000, 0x00000000a5500000, 0x00000000e0000000)
  object space 87040K, 24% used [0x00000000a0000000,0x00000000a1520ce0,0x00000000a5500000)
 Metaspace       used 43011K, capacity 44032K, committed 44160K, reserved 1087488K
  class space    used 5938K, capacity 6241K, committed 6272K, reserved 1048576K
}
Event: 7.478 GC heap before
{Heap before GC invocations=11 (full 2):
 PSYoungGen      total 193536K, used 187935K [0x00000000e0000000, 0x00000000edb80000, 0x0000000100000000)
  eden space 181248K, 96% used [0x00000000e0000000,0x00000000eab8b928,0x00000000eb100000)
  from space 12288K, 99% used [0x00000000ebf80000,0x00000000ecb7c430,0x00000000ecb80000)
  to   space 14848K, 0% used [0x00000000eb100000,0x00000000eb100000,0x00000000ebf80000)
 ParOldGen       total 87040K, used 21635K [0x00000000a0000000, 0x00000000a5500000, 0x00000000e0000000)
  object space 87040K, 24% used [0x00000000a0000000,0x00000000a1520ce0,0x00000000a5500000)
 Metaspace       used 57193K, capacity 58898K, committed 59008K, reserved 1099776K
  class space    used 7805K, capacity 8238K, committed 8320K, reserved 1048576K
Event: 7.496 GC heap after
Heap after GC invocations=11 (full 2):
 PSYoungGen      total 196096K, used 14817K [0x00000000e0000000, 0x00000000f0e80000, 0x0000000100000000)
  eden space 181248K, 0% used [0x00000000e0000000,0x00000000e0000000,0x00000000eb100000)
  from space 14848K, 99% used [0x00000000eb100000,0x00000000ebf785b0,0x00000000ebf80000)
  to   space 23552K, 0% used [0x00000000ef780000,0x00000000ef780000,0x00000000f0e80000)
 ParOldGen       total 87040K, used 37896K [0x00000000a0000000, 0x00000000a5500000, 0x00000000e0000000)
  object space 87040K, 43% used [0x00000000a0000000,0x00000000a25020e8,0x00000000a5500000)
 Metaspace       used 57193K, capacity 58898K, committed 59008K, reserved 1099776K
  class space    used 7805K, capacity 8238K, committed 8320K, reserved 1048576K
}
Event: 7.496 GC heap before
{Heap before GC invocations=12 (full 3):
 PSYoungGen      total 196096K, used 14817K [0x00000000e0000000, 0x00000000f0e80000, 0x0000000100000000)
  eden space 181248K, 0% used [0x00000000e0000000,0x00000000e0000000,0x00000000eb100000)
  from space 14848K, 99% used [0x00000000eb100000,0x00000000ebf785b0,0x00000000ebf80000)
  to   space 23552K, 0% used [0x00000000ef780000,0x00000000ef780000,0x00000000f0e80000)
 ParOldGen       total 87040K, used 37896K [0x00000000a0000000, 0x00000000a5500000, 0x00000000e0000000)
  object space 87040K, 43% used [0x00000000a0000000,0x00000000a25020e8,0x00000000a5500000)
 Metaspace       used 57193K, capacity 58898K, committed 59008K, reserved 1099776K
  class space    used 7805K, capacity 8238K, committed 8320K, reserved 1048576K
Event: 7.617 GC heap after
Heap after GC invocations=12 (full 3):
 PSYoungGen      total 196096K, used 0K [0x00000000e0000000, 0x00000000f0e80000, 0x0000000100000000)
  eden space 181248K, 0% used [0x00000000e0000000,0x00000000e0000000,0x00000000eb100000)
  from space 14848K, 0% used [0x00000000eb100000,0x00000000eb100000,0x00000000ebf80000)
  to   space 23552K, 0% used [0x00000000ef780000,0x00000000ef780000,0x00000000f0e80000)
 ParOldGen       total 139776K, used 44158K [0x00000000a0000000, 0x00000000a8880000, 0x00000000e0000000)
  object space 139776K, 31% used [0x00000000a0000000,0x00000000a2b1f918,0x00000000a8880000)
 Metaspace       used 57193K, capacity 58898K, committed 59008K, reserved 1099776K
  class space    used 7805K, capacity 8238K, committed 8320K, reserved 1048576K
}

