# JRE version: OpenJDK Runtime Environment (8.0_152-b02) (build 1.8.0_152-release-1024-b02)
# Java VM: OpenJDK 64-Bit Server VM (25.152-b02 mixed mode windows-amd64 compressed oops)
Heap:
 PSYoungGen      total 180736K, used 21975K [0x00000000e0000000, 0x00000000ed600000, 0x0000000100000000)
  eden space 168448K, 13% used [0x00000000e0000000,0x00000000e1575d28,0x00000000ea480000)
  from space 12288K, 0% used [0x00000000eb300000,0x00000000eb300000,0x00000000ebf00000)
  to   space 14848K, 0% used [0x00000000ea480000,0x00000000ea480000,0x00000000eb300000)
 ParOldGen       total 93184K, used 44121K [0x00000000a0000000, 0x00000000a5b00000, 0x00000000e0000000)
  object space 93184K, 47% used [0x00000000a0000000,0x00000000a2b16468,0x00000000a5b00000)
 Metaspace       used 58172K, capacity 59866K, committed 60032K, reserved 1101824K
  class space    used 7891K, capacity 8302K, committed 8320K, reserved 1048576K
GC Heap History (10 events):
Event: 3.310 GC heap before
{Heap before GC invocations=9 (full 2):
 PSYoungGen      total 140800K, used 9705K [0x00000000e0000000, 0x00000000ebf00000, 0x0000000100000000)
  eden space 131072K, 0% used [0x00000000e0000000,0x00000000e0000000,0x00000000e8000000)
  from space 9728K, 99% used [0x00000000e8000000,0x00000000e897a720,0x00000000e8980000)
  to   space 12288K, 0% used [0x00000000eb300000,0x00000000eb300000,0x00000000ebf00000)
 ParOldGen       total 56832K, used 11263K [0x00000000a0000000, 0x00000000a3780000, 0x00000000e0000000)
  object space 56832K, 19% used [0x00000000a0000000,0x00000000a0affd80,0x00000000a3780000)
 Metaspace       used 34557K, capacity 35280K, committed 35416K, reserved 1079296K
  class space    used 4765K, capacity 5000K, committed 5120K, reserved 1048576K
Event: 3.366 GC heap after
Heap after GC invocations=9 (full 2):
 PSYoungGen      total 140800K, used 0K [0x00000000e0000000, 0x00000000ebf00000, 0x0000000100000000)
  eden space 131072K, 0% used [0x00000000e0000000,0x00000000e0000000,0x00000000e8000000)
  from space 9728K, 0% used [0x00000000e8000000,0x00000000e8000000,0x00000000e8980000)
  to   space 12288K, 0% used [0x00000000eb300000,0x00000000eb300000,0x00000000ebf00000)
 ParOldGen       total 93184K, used 19386K [0x00000000a0000000, 0x00000000a5b00000, 0x00000000e0000000)
  object space 93184K, 20% used [0x00000000a0000000,0x00000000a12eeb70,0x00000000a5b00000)
 Metaspace       used 34557K, capacity 35280K, committed 35416K, reserved 1079296K
  class space    used 4765K, capacity 5000K, committed 5120K, reserved 1048576K
}
Event: 4.507 GC heap before
{Heap before GC invocations=10 (full 2):
 PSYoungGen      total 140800K, used 131072K [0x00000000e0000000, 0x00000000ebf00000, 0x0000000100000000)
  eden space 131072K, 100% used [0x00000000e0000000,0x00000000e8000000,0x00000000e8000000)
  from space 9728K, 0% used [0x00000000e8000000,0x00000000e8000000,0x00000000e8980000)
  to   space 12288K, 0% used [0x00000000eb300000,0x00000000eb300000,0x00000000ebf00000)
 ParOldGen       total 93184K, used 19386K [0x00000000a0000000, 0x00000000a5b00000, 0x00000000e0000000)
  object space 93184K, 20% used [0x00000000a0000000,0x00000000a12eeb70,0x00000000a5b00000)
 Metaspace       used 43023K, capacity 44032K, committed 44160K, reserved 1087488K
  class space    used 5940K, capacity 6241K, committed 6272K, reserved 1048576K
Event: 4.525 GC heap after
Heap after GC invocations=10 (full 2):
 PSYoungGen      total 180736K, used 12273K [0x00000000e0000000, 0x00000000ed600000, 0x0000000100000000)
  eden space 168448K, 0% used [0x00000000e0000000,0x00000000e0000000,0x00000000ea480000)
  from space 12288K, 99% used [0x00000000eb300000,0x00000000ebefc628,0x00000000ebf00000)
  to   space 14848K, 0% used [0x00000000ea480000,0x00000000ea480000,0x00000000eb300000)
 ParOldGen       total 93184K, used 21471K [0x00000000a0000000, 0x00000000a5b00000, 0x00000000e0000000)
  object space 93184K, 23% used [0x00000000a0000000,0x00000000a14f7fb0,0x00000000a5b00000)
 Metaspace       used 43023K, capacity 44032K, committed 44160K, reserved 1087488K
  class space    used 5940K, capacity 6241K, committed 6272K, reserved 1048576K
}
Event: 6.809 GC heap before
{Heap before GC invocations=11 (full 2):
 PSYoungGen      total 180736K, used 180721K [0x00000000e0000000, 0x00000000ed600000, 0x0000000100000000)
  eden space 168448K, 100% used [0x00000000e0000000,0x00000000ea480000,0x00000000ea480000)
  from space 12288K, 99% used [0x00000000eb300000,0x00000000ebefc628,0x00000000ebf00000)
  to   space 14848K, 0% used [0x00000000ea480000,0x00000000ea480000,0x00000000eb300000)
 ParOldGen       total 93184K, used 21471K [0x00000000a0000000, 0x00000000a5b00000, 0x00000000e0000000)
  object space 93184K, 23% used [0x00000000a0000000,0x00000000a14f7fb0,0x00000000a5b00000)
 Metaspace       used 57058K, capacity 58746K, committed 59008K, reserved 1099776K
  class space    used 7791K, capacity 8206K, committed 8320K, reserved 1048576K
Event: 6.826 GC heap after
Heap after GC invocations=11 (full 2):
 PSYoungGen      total 183296K, used 14832K [0x00000000e0000000, 0x00000000ed600000, 0x0000000100000000)
  eden space 168448K, 0% used [0x00000000e0000000,0x00000000e0000000,0x00000000ea480000)
  from space 14848K, 99% used [0x00000000ea480000,0x00000000eb2fc240,0x00000000eb300000)
  to   space 12288K, 0% used [0x00000000eb300000,0x00000000eb300000,0x00000000ebf00000)
 ParOldGen       total 93184K, used 34266K [0x00000000a0000000, 0x00000000a5b00000, 0x00000000e0000000)
  object space 93184K, 36% used [0x00000000a0000000,0x00000000a2176890,0x00000000a5b00000)
 Metaspace       used 57058K, capacity 58746K, committed 59008K, reserved 1099776K
  class space    used 7791K, capacity 8206K, committed 8320K, reserved 1048576K
}
Event: 6.888 GC heap before
{Heap before GC invocations=12 (full 2):
 PSYoungGen      total 183296K, used 24104K [0x00000000e0000000, 0x00000000ed600000, 0x0000000100000000)
  eden space 168448K, 5% used [0x00000000e0000000,0x00000000e090df30,0x00000000ea480000)
  from space 14848K, 99% used [0x00000000ea480000,0x00000000eb2fc240,0x00000000eb300000)
  to   space 12288K, 0% used [0x00000000eb300000,0x00000000eb300000,0x00000000ebf00000)
 ParOldGen       total 93184K, used 34266K [0x00000000a0000000, 0x00000000a5b00000, 0x00000000e0000000)
  object space 93184K, 36% used [0x00000000a0000000,0x00000000a2176890,0x00000000a5b00000)
 Metaspace       used 57222K, capacity 58906K, committed 59008K, reserved 1099776K
  class space    used 7805K, capacity 8238K, committed 8320K, reserved 1048576K
Event: 6.900 GC heap after
Heap after GC invocations=12 (full 2):
 PSYoungGen      total 180736K, used 12268K [0x00000000e0000000, 0x00000000ed600000, 0x0000000100000000)
  eden space 168448K, 0% used [0x00000000e0000000,0x00000000e0000000,0x00000000ea480000)
  from space 12288K, 99% used [0x00000000eb300000,0x00000000ebefb2c0,0x00000000ebf00000)
  to   space 14848K, 0% used [0x00000000ea480000,0x00000000ea480000,0x00000000eb300000)
 ParOldGen       total 93184K, used 40296K [0x00000000a0000000, 0x00000000a5b00000, 0x00000000e0000000)
  object space 93184K, 43% used [0x00000000a0000000,0x00000000a275a040,0x00000000a5b00000)
 Metaspace       used 57222K, capacity 58906K, committed 59008K, reserved 1099776K
  class space    used 7805K, capacity 8238K, committed 8320K, reserved 1048576K
}
Event: 6.900 GC heap before
{Heap before GC invocations=13 (full 3):
 PSYoungGen      total 180736K, used 12268K [0x00000000e0000000, 0x00000000ed600000, 0x0000000100000000)
  eden space 168448K, 0% used [0x00000000e0000000,0x00000000e0000000,0x00000000ea480000)
  from space 12288K, 99% used [0x00000000eb300000,0x00000000ebefb2c0,0x00000000ebf00000)
  to   space 14848K, 0% used [0x00000000ea480000,0x00000000ea480000,0x00000000eb300000)
 ParOldGen       total 93184K, used 40296K [0x00000000a0000000, 0x00000000a5b00000, 0x00000000e0000000)
  object space 93184K, 43% used [0x00000000a0000000,0x00000000a275a040,0x00000000a5b00000)
 Metaspace       used 57222K, capacity 58906K, committed 59008K, reserved 1099776K
  class space    used 7805K, capacity 8238K, committed 8320K, reserved 1048576K
Event: 7.034 GC heap after
Heap after GC invocations=13 (full 3):
 PSYoungGen      total 180736K, used 0K [0x00000000e0000000, 0x00000000ed600000, 0x0000000100000000)
  eden space 168448K, 0% used [0x00000000e0000000,0x00000000e0000000,0x00000000ea480000)
  from space 12288K, 0% used [0x00000000eb300000,0x00000000eb300000,0x00000000ebf00000)
  to   space 14848K, 0% used [0x00000000ea480000,0x00000000ea480000,0x00000000eb300000)
 ParOldGen       total 93184K, used 44121K [0x00000000a0000000, 0x00000000a5b00000, 0x00000000e0000000)
  object space 93184K, 47% used [0x00000000a0000000,0x00000000a2b16468,0x00000000a5b00000)
 Metaspace       used 57222K, capacity 58906K, committed 59008K, reserved 1099776K
  class space    used 7805K, capacity 8238K, committed 8320K, reserved 1048576K
}

