# JRE version: OpenJDK Runtime Environment (8.0_152-b02) (build 1.8.0_152-release-1024-b02)
# Java VM: OpenJDK 64-Bit Server VM (25.152-b02 mixed mode windows-amd64 compressed oops)
Heap:
 PSYoungGen      total 217088K, used 102669K [0x00000000e0000000, 0x00000000ef500000, 0x0000000100000000)
  eden space 196608K, 52% used [0x00000000e0000000,0x00000000e64437c0,0x00000000ec000000)
  from space 20480K, 0% used [0x00000000ed480000,0x00000000ed480000,0x00000000ee880000)
  to   space 20992K, 0% used [0x00000000ec000000,0x00000000ec000000,0x00000000ed480000)
 ParOldGen       total 143360K, used 37508K [0x00000000a0000000, 0x00000000a8c00000, 0x00000000e0000000)
  object space 143360K, 26% used [0x00000000a0000000,0x00000000a24a11c0,0x00000000a8c00000)
 Metaspace       used 61010K, capacity 63094K, committed 63360K, reserved 1103872K
  class space    used 8282K, capacity 8764K, committed 8832K, reserved 1048576K
GC Heap History (10 events):
Event: 3.265 GC heap before
{Heap before GC invocations=9 (full 2):
 PSYoungGen      total 140800K, used 9724K [0x00000000e0000000, 0x00000000eb680000, 0x0000000100000000)
  eden space 131072K, 0% used [0x00000000e0000000,0x00000000e0000000,0x00000000e8000000)
  from space 9728K, 99% used [0x00000000e8000000,0x00000000e897f238,0x00000000e8980000)
  to   space 12288K, 0% used [0x00000000eaa80000,0x00000000eaa80000,0x00000000eb680000)
 ParOldGen       total 58880K, used 11273K [0x00000000a0000000, 0x00000000a3980000, 0x00000000e0000000)
  object space 58880K, 19% used [0x00000000a0000000,0x00000000a0b02560,0x00000000a3980000)
 Metaspace       used 34600K, capacity 35280K, committed 35416K, reserved 1079296K
  class space    used 4771K, capacity 5000K, committed 5120K, reserved 1048576K
Event: 3.313 GC heap after
Heap after GC invocations=9 (full 2):
 PSYoungGen      total 140800K, used 0K [0x00000000e0000000, 0x00000000eb680000, 0x0000000100000000)
  eden space 131072K, 0% used [0x00000000e0000000,0x00000000e0000000,0x00000000e8000000)
  from space 9728K, 0% used [0x00000000e8000000,0x00000000e8000000,0x00000000e8980000)
  to   space 12288K, 0% used [0x00000000eaa80000,0x00000000eaa80000,0x00000000eb680000)
 ParOldGen       total 97792K, used 19402K [0x00000000a0000000, 0x00000000a5f80000, 0x00000000e0000000)
  object space 97792K, 19% used [0x00000000a0000000,0x00000000a12f2860,0x00000000a5f80000)
 Metaspace       used 34600K, capacity 35280K, committed 35416K, reserved 1079296K
  class space    used 4771K, capacity 5000K, committed 5120K, reserved 1048576K
}
Event: 4.296 GC heap before
{Heap before GC invocations=10 (full 2):
 PSYoungGen      total 140800K, used 131072K [0x00000000e0000000, 0x00000000eb680000, 0x0000000100000000)
  eden space 131072K, 100% used [0x00000000e0000000,0x00000000e8000000,0x00000000e8000000)
  from space 9728K, 0% used [0x00000000e8000000,0x00000000e8000000,0x00000000e8980000)
  to   space 12288K, 0% used [0x00000000eaa80000,0x00000000eaa80000,0x00000000eb680000)
 ParOldGen       total 97792K, used 19402K [0x00000000a0000000, 0x00000000a5f80000, 0x00000000e0000000)
  object space 97792K, 19% used [0x00000000a0000000,0x00000000a12f2860,0x00000000a5f80000)
 Metaspace       used 42937K, capacity 43954K, committed 44160K, reserved 1087488K
  class space    used 5923K, capacity 6238K, committed 6272K, reserved 1048576K
Event: 4.306 GC heap after
Heap after GC invocations=10 (full 2):
 PSYoungGen      total 172032K, used 12287K [0x00000000e0000000, 0x00000000ed100000, 0x0000000100000000)
  eden space 159744K, 0% used [0x00000000e0000000,0x00000000e0000000,0x00000000e9c00000)
  from space 12288K, 99% used [0x00000000eaa80000,0x00000000eb67fc48,0x00000000eb680000)
  to   space 14848K, 0% used [0x00000000e9c00000,0x00000000e9c00000,0x00000000eaa80000)
 ParOldGen       total 97792K, used 21356K [0x00000000a0000000, 0x00000000a5f80000, 0x00000000e0000000)
  object space 97792K, 21% used [0x00000000a0000000,0x00000000a14db140,0x00000000a5f80000)
 Metaspace       used 42937K, capacity 43954K, committed 44160K, reserved 1087488K
  class space    used 5923K, capacity 6238K, committed 6272K, reserved 1048576K
}
Event: 6.143 GC heap before
{Heap before GC invocations=11 (full 2):
 PSYoungGen      total 172032K, used 172031K [0x00000000e0000000, 0x00000000ed100000, 0x0000000100000000)
  eden space 159744K, 100% used [0x00000000e0000000,0x00000000e9c00000,0x00000000e9c00000)
  from space 12288K, 99% used [0x00000000eaa80000,0x00000000eb67fc48,0x00000000eb680000)
  to   space 14848K, 0% used [0x00000000e9c00000,0x00000000e9c00000,0x00000000eaa80000)
 ParOldGen       total 97792K, used 21356K [0x00000000a0000000, 0x00000000a5f80000, 0x00000000e0000000)
  object space 97792K, 21% used [0x00000000a0000000,0x00000000a14db238,0x00000000a5f80000)
 Metaspace       used 54057K, capacity 55896K, committed 56064K, reserved 1097728K
  class space    used 7402K, capacity 7857K, committed 7936K, reserved 1048576K
Event: 6.163 GC heap after
Heap after GC invocations=11 (full 2):
 PSYoungGen      total 174592K, used 14832K [0x00000000e0000000, 0x00000000ee880000, 0x0000000100000000)
  eden space 159744K, 0% used [0x00000000e0000000,0x00000000e0000000,0x00000000e9c00000)
  from space 14848K, 99% used [0x00000000e9c00000,0x00000000eaa7c140,0x00000000eaa80000)
  to   space 20480K, 0% used [0x00000000ed480000,0x00000000ed480000,0x00000000ee880000)
 ParOldGen       total 97792K, used 30710K [0x00000000a0000000, 0x00000000a5f80000, 0x00000000e0000000)
  object space 97792K, 31% used [0x00000000a0000000,0x00000000a1dfdab0,0x00000000a5f80000)
 Metaspace       used 54057K, capacity 55896K, committed 56064K, reserved 1097728K
  class space    used 7402K, capacity 7857K, committed 7936K, reserved 1048576K
}
Event: 6.413 GC heap before
{Heap before GC invocations=12 (full 2):
 PSYoungGen      total 174592K, used 41274K [0x00000000e0000000, 0x00000000ee880000, 0x0000000100000000)
  eden space 159744K, 16% used [0x00000000e0000000,0x00000000e19d2740,0x00000000e9c00000)
  from space 14848K, 99% used [0x00000000e9c00000,0x00000000eaa7c140,0x00000000eaa80000)
  to   space 20480K, 0% used [0x00000000ed480000,0x00000000ed480000,0x00000000ee880000)
 ParOldGen       total 97792K, used 30710K [0x00000000a0000000, 0x00000000a5f80000, 0x00000000e0000000)
  object space 97792K, 31% used [0x00000000a0000000,0x00000000a1dfdab0,0x00000000a5f80000)
 Metaspace       used 56886K, capacity 58854K, committed 59008K, reserved 1099776K
  class space    used 7723K, capacity 8196K, committed 8320K, reserved 1048576K
Event: 6.427 GC heap after
Heap after GC invocations=12 (full 2):
 PSYoungGen      total 217088K, used 13928K [0x00000000e0000000, 0x00000000ef500000, 0x0000000100000000)
  eden space 196608K, 0% used [0x00000000e0000000,0x00000000e0000000,0x00000000ec000000)
  from space 20480K, 68% used [0x00000000ed480000,0x00000000ee21a2a0,0x00000000ee880000)
  to   space 20992K, 0% used [0x00000000ec000000,0x00000000ec000000,0x00000000ed480000)
 ParOldGen       total 97792K, used 37536K [0x00000000a0000000, 0x00000000a5f80000, 0x00000000e0000000)
  object space 97792K, 38% used [0x00000000a0000000,0x00000000a24a81d8,0x00000000a5f80000)
 Metaspace       used 56886K, capacity 58854K, committed 59008K, reserved 1099776K
  class space    used 7723K, capacity 8196K, committed 8320K, reserved 1048576K
}
Event: 6.427 GC heap before
{Heap before GC invocations=13 (full 3):
 PSYoungGen      total 217088K, used 13928K [0x00000000e0000000, 0x00000000ef500000, 0x0000000100000000)
  eden space 196608K, 0% used [0x00000000e0000000,0x00000000e0000000,0x00000000ec000000)
  from space 20480K, 68% used [0x00000000ed480000,0x00000000ee21a2a0,0x00000000ee880000)
  to   space 20992K, 0% used [0x00000000ec000000,0x00000000ec000000,0x00000000ed480000)
 ParOldGen       total 97792K, used 37536K [0x00000000a0000000, 0x00000000a5f80000, 0x00000000e0000000)
  object space 97792K, 38% used [0x00000000a0000000,0x00000000a24a81d8,0x00000000a5f80000)
 Metaspace       used 56886K, capacity 58854K, committed 59008K, reserved 1099776K
  class space    used 7723K, capacity 8196K, committed 8320K, reserved 1048576K
Event: 6.543 GC heap after
Heap after GC invocations=13 (full 3):
 PSYoungGen      total 217088K, used 0K [0x00000000e0000000, 0x00000000ef500000, 0x0000000100000000)
  eden space 196608K, 0% used [0x00000000e0000000,0x00000000e0000000,0x00000000ec000000)
  from space 20480K, 0% used [0x00000000ed480000,0x00000000ed480000,0x00000000ee880000)
  to   space 20992K, 0% used [0x00000000ec000000,0x00000000ec000000,0x00000000ed480000)
 ParOldGen       total 143360K, used 37508K [0x00000000a0000000, 0x00000000a8c00000, 0x00000000e0000000)
  object space 143360K, 26% used [0x00000000a0000000,0x00000000a24a11c0,0x00000000a8c00000)
 Metaspace       used 56842K, capacity 58722K, committed 59008K, reserved 1099776K
  class space    used 7708K, capacity 8170K, committed 8320K, reserved 1048576K
}

