# JRE version: OpenJDK Runtime Environment (8.0_152-b02) (build 1.8.0_152-release-1024-b02)
# Java VM: OpenJDK 64-Bit Server VM (25.152-b02 mixed mode windows-amd64 compressed oops)
Heap:
 PSYoungGen      total 209408K, used 182678K [0x00000000e0000000, 0x00000000eed80000, 0x0000000100000000)
  eden space 188928K, 96% used [0x00000000e0000000,0x00000000eb265b58,0x00000000eb880000)
  from space 20480K, 0% used [0x00000000ecd00000,0x00000000ecd00000,0x00000000ee100000)
  to   space 20992K, 0% used [0x00000000eb880000,0x00000000eb880000,0x00000000ecd00000)
 ParOldGen       total 142848K, used 37175K [0x00000000a0000000, 0x00000000a8b80000, 0x00000000e0000000)
  object space 142848K, 26% used [0x00000000a0000000,0x00000000a244dc50,0x00000000a8b80000)
 Metaspace       used 61274K, capacity 63442K, committed 63616K, reserved 1103872K
  class space    used 8294K, capacity 8780K, committed 8832K, reserved 1048576K
GC Heap History (10 events):
Event: 3.545 GC heap before
{Heap before GC invocations=9 (full 2):
 PSYoungGen      total 141312K, used 9713K [0x00000000e0000000, 0x00000000eaf80000, 0x0000000100000000)
  eden space 131584K, 0% used [0x00000000e0000000,0x00000000e0000000,0x00000000e8080000)
  from space 9728K, 99% used [0x00000000e8080000,0x00000000e89fc780,0x00000000e8a00000)
  to   space 12288K, 0% used [0x00000000ea380000,0x00000000ea380000,0x00000000eaf80000)
 ParOldGen       total 59904K, used 11239K [0x00000000a0000000, 0x00000000a3a80000, 0x00000000e0000000)
  object space 59904K, 18% used [0x00000000a0000000,0x00000000a0af9d08,0x00000000a3a80000)
 Metaspace       used 34608K, capacity 35280K, committed 35416K, reserved 1079296K
  class space    used 4769K, capacity 5000K, committed 5120K, reserved 1048576K
Event: 3.599 GC heap after
Heap after GC invocations=9 (full 2):
 PSYoungGen      total 141312K, used 0K [0x00000000e0000000, 0x00000000eaf80000, 0x0000000100000000)
  eden space 131584K, 0% used [0x00000000e0000000,0x00000000e0000000,0x00000000e8080000)
  from space 9728K, 0% used [0x00000000e8080000,0x00000000e8080000,0x00000000e8a00000)
  to   space 12288K, 0% used [0x00000000ea380000,0x00000000ea380000,0x00000000eaf80000)
 ParOldGen       total 96768K, used 19360K [0x00000000a0000000, 0x00000000a5e80000, 0x00000000e0000000)
  object space 96768K, 20% used [0x00000000a0000000,0x00000000a12e8160,0x00000000a5e80000)
 Metaspace       used 34608K, capacity 35280K, committed 35416K, reserved 1079296K
  class space    used 4769K, capacity 5000K, committed 5120K, reserved 1048576K
}
Event: 4.684 GC heap before
{Heap before GC invocations=10 (full 2):
 PSYoungGen      total 141312K, used 131584K [0x00000000e0000000, 0x00000000eaf80000, 0x0000000100000000)
  eden space 131584K, 100% used [0x00000000e0000000,0x00000000e8080000,0x00000000e8080000)
  from space 9728K, 0% used [0x00000000e8080000,0x00000000e8080000,0x00000000e8a00000)
  to   space 12288K, 0% used [0x00000000ea380000,0x00000000ea380000,0x00000000eaf80000)
 ParOldGen       total 96768K, used 19360K [0x00000000a0000000, 0x00000000a5e80000, 0x00000000e0000000)
  object space 96768K, 20% used [0x00000000a0000000,0x00000000a12e8160,0x00000000a5e80000)
 Metaspace       used 43037K, capacity 44010K, committed 44288K, reserved 1087488K
  class space    used 5945K, capacity 6274K, committed 6400K, reserved 1048576K
Event: 4.694 GC heap after
Heap after GC invocations=10 (full 2):
 PSYoungGen      total 164864K, used 12279K [0x00000000e0000000, 0x00000000ed400000, 0x0000000100000000)
  eden space 152576K, 0% used [0x00000000e0000000,0x00000000e0000000,0x00000000e9500000)
  from space 12288K, 99% used [0x00000000ea380000,0x00000000eaf7dd98,0x00000000eaf80000)
  to   space 14848K, 0% used [0x00000000e9500000,0x00000000e9500000,0x00000000ea380000)
 ParOldGen       total 96768K, used 21450K [0x00000000a0000000, 0x00000000a5e80000, 0x00000000e0000000)
  object space 96768K, 22% used [0x00000000a0000000,0x00000000a14f2880,0x00000000a5e80000)
 Metaspace       used 43037K, capacity 44010K, committed 44288K, reserved 1087488K
  class space    used 5945K, capacity 6274K, committed 6400K, reserved 1048576K
}
Event: 6.380 GC heap before
{Heap before GC invocations=11 (full 2):
 PSYoungGen      total 164864K, used 164855K [0x00000000e0000000, 0x00000000ed400000, 0x0000000100000000)
  eden space 152576K, 100% used [0x00000000e0000000,0x00000000e9500000,0x00000000e9500000)
  from space 12288K, 99% used [0x00000000ea380000,0x00000000eaf7dd98,0x00000000eaf80000)
  to   space 14848K, 0% used [0x00000000e9500000,0x00000000e9500000,0x00000000ea380000)
 ParOldGen       total 96768K, used 21450K [0x00000000a0000000, 0x00000000a5e80000, 0x00000000e0000000)
  object space 96768K, 22% used [0x00000000a0000000,0x00000000a14f2880,0x00000000a5e80000)
 Metaspace       used 53637K, capacity 55458K, committed 55808K, reserved 1097728K
  class space    used 7353K, capacity 7810K, committed 7936K, reserved 1048576K
Event: 6.401 GC heap after
Heap after GC invocations=11 (full 2):
 PSYoungGen      total 167424K, used 14829K [0x00000000e0000000, 0x00000000ee100000, 0x0000000100000000)
  eden space 152576K, 0% used [0x00000000e0000000,0x00000000e0000000,0x00000000e9500000)
  from space 14848K, 99% used [0x00000000e9500000,0x00000000ea37b578,0x00000000ea380000)
  to   space 20480K, 0% used [0x00000000ecd00000,0x00000000ecd00000,0x00000000ee100000)
 ParOldGen       total 96768K, used 30400K [0x00000000a0000000, 0x00000000a5e80000, 0x00000000e0000000)
  object space 96768K, 31% used [0x00000000a0000000,0x00000000a1db0108,0x00000000a5e80000)
 Metaspace       used 53637K, capacity 55458K, committed 55808K, reserved 1097728K
  class space    used 7353K, capacity 7810K, committed 7936K, reserved 1048576K
}
Event: 6.771 GC heap before
{Heap before GC invocations=12 (full 2):
 PSYoungGen      total 167424K, used 47767K [0x00000000e0000000, 0x00000000ee100000, 0x0000000100000000)
  eden space 152576K, 21% used [0x00000000e0000000,0x00000000e202a910,0x00000000e9500000)
  from space 14848K, 99% used [0x00000000e9500000,0x00000000ea37b578,0x00000000ea380000)
  to   space 20480K, 0% used [0x00000000ecd00000,0x00000000ecd00000,0x00000000ee100000)
 ParOldGen       total 96768K, used 30400K [0x00000000a0000000, 0x00000000a5e80000, 0x00000000e0000000)
  object space 96768K, 31% used [0x00000000a0000000,0x00000000a1db0108,0x00000000a5e80000)
 Metaspace       used 57010K, capacity 58958K, committed 59028K, reserved 1099776K
  class space    used 7728K, capacity 8182K, committed 8192K, reserved 1048576K
Event: 6.797 GC heap after
Heap after GC invocations=12 (full 2):
 PSYoungGen      total 209408K, used 14669K [0x00000000e0000000, 0x00000000eed80000, 0x0000000100000000)
  eden space 188928K, 0% used [0x00000000e0000000,0x00000000e0000000,0x00000000eb880000)
  from space 20480K, 71% used [0x00000000ecd00000,0x00000000edb53780,0x00000000ee100000)
  to   space 20992K, 0% used [0x00000000eb880000,0x00000000eb880000,0x00000000ecd00000)
 ParOldGen       total 96768K, used 37235K [0x00000000a0000000, 0x00000000a5e80000, 0x00000000e0000000)
  object space 96768K, 38% used [0x00000000a0000000,0x00000000a245cc48,0x00000000a5e80000)
 Metaspace       used 57010K, capacity 58958K, committed 59028K, reserved 1099776K
  class space    used 7728K, capacity 8182K, committed 8192K, reserved 1048576K
}
Event: 6.797 GC heap before
{Heap before GC invocations=13 (full 3):
 PSYoungGen      total 209408K, used 14669K [0x00000000e0000000, 0x00000000eed80000, 0x0000000100000000)
  eden space 188928K, 0% used [0x00000000e0000000,0x00000000e0000000,0x00000000eb880000)
  from space 20480K, 71% used [0x00000000ecd00000,0x00000000edb53780,0x00000000ee100000)
  to   space 20992K, 0% used [0x00000000eb880000,0x00000000eb880000,0x00000000ecd00000)
 ParOldGen       total 96768K, used 37235K [0x00000000a0000000, 0x00000000a5e80000, 0x00000000e0000000)
  object space 96768K, 38% used [0x00000000a0000000,0x00000000a245cc48,0x00000000a5e80000)
 Metaspace       used 57010K, capacity 58958K, committed 59028K, reserved 1099776K
  class space    used 7728K, capacity 8182K, committed 8192K, reserved 1048576K
Event: 6.977 GC heap after
Heap after GC invocations=13 (full 3):
 PSYoungGen      total 209408K, used 0K [0x00000000e0000000, 0x00000000eed80000, 0x0000000100000000)
  eden space 188928K, 0% used [0x00000000e0000000,0x00000000e0000000,0x00000000eb880000)
  from space 20480K, 0% used [0x00000000ecd00000,0x00000000ecd00000,0x00000000ee100000)
  to   space 20992K, 0% used [0x00000000eb880000,0x00000000eb880000,0x00000000ecd00000)
 ParOldGen       total 142848K, used 37175K [0x00000000a0000000, 0x00000000a8b80000, 0x00000000e0000000)
  object space 142848K, 26% used [0x00000000a0000000,0x00000000a244dc50,0x00000000a8b80000)
 Metaspace       used 56991K, capacity 58910K, committed 59028K, reserved 1099776K
  class space    used 7721K, capacity 8170K, committed 8192K, reserved 1048576K
}

