# JRE version: OpenJDK Runtime Environment (8.0_152-b02) (build 1.8.0_152-release-1024-b02)
# Java VM: OpenJDK 64-Bit Server VM (25.152-b02 mixed mode windows-amd64 compressed oops)
Heap:
 PSYoungGen      total 215040K, used 28335K [0x00000000e0000000, 0x00000000ee880000, 0x0000000100000000)
  eden space 193024K, 3% used [0x00000000e0000000,0x00000000e062eb90,0x00000000ebc80000)
  from space 22016K, 99% used [0x00000000ebc80000,0x00000000ed1fd178,0x00000000ed200000)
  to   space 20992K, 0% used [0x00000000ed200000,0x00000000ed200000,0x00000000ee680000)
 ParOldGen       total 145408K, used 64512K [0x00000000a0000000, 0x00000000a8e00000, 0x00000000e0000000)
  object space 145408K, 44% used [0x00000000a0000000,0x00000000a3f00008,0x00000000a8e00000)
 Metaspace       used 67427K, capacity 70280K, committed 70528K, reserved 1110016K
  class space    used 9119K, capacity 9737K, committed 9856K, reserved 1048576K
GC Heap History (10 events):
Event: 5.412 GC heap before
{Heap before GC invocations=10 (full 2):
 PSYoungGen      total 140800K, used 131072K [0x00000000e0000000, 0x00000000eb000000, 0x0000000100000000)
  eden space 131072K, 100% used [0x00000000e0000000,0x00000000e8000000,0x00000000e8000000)
  from space 9728K, 0% used [0x00000000e8000000,0x00000000e8000000,0x00000000e8980000)
  to   space 12288K, 0% used [0x00000000ea400000,0x00000000ea400000,0x00000000eb000000)
 ParOldGen       total 95744K, used 19400K [0x00000000a0000000, 0x00000000a5d80000, 0x00000000e0000000)
  object space 95744K, 20% used [0x00000000a0000000,0x00000000a12f2258,0x00000000a5d80000)
 Metaspace       used 43025K, capacity 44038K, committed 44160K, reserved 1087488K
  class space    used 5942K, capacity 6242K, committed 6272K, reserved 1048576K
Event: 5.429 GC heap after
Heap after GC invocations=10 (full 2):
 PSYoungGen      total 165376K, used 12276K [0x00000000e0000000, 0x00000000ed980000, 0x0000000100000000)
  eden space 153088K, 0% used [0x00000000e0000000,0x00000000e0000000,0x00000000e9580000)
  from space 12288K, 99% used [0x00000000ea400000,0x00000000eaffd0d0,0x00000000eb000000)
  to   space 14848K, 0% used [0x00000000e9580000,0x00000000e9580000,0x00000000ea400000)
 ParOldGen       total 95744K, used 21526K [0x00000000a0000000, 0x00000000a5d80000, 0x00000000e0000000)
  object space 95744K, 22% used [0x00000000a0000000,0x00000000a15058c0,0x00000000a5d80000)
 Metaspace       used 43025K, capacity 44038K, committed 44160K, reserved 1087488K
  class space    used 5942K, capacity 6242K, committed 6272K, reserved 1048576K
}
Event: 7.929 GC heap before
{Heap before GC invocations=11 (full 2):
 PSYoungGen      total 165376K, used 165364K [0x00000000e0000000, 0x00000000ed980000, 0x0000000100000000)
  eden space 153088K, 100% used [0x00000000e0000000,0x00000000e9580000,0x00000000e9580000)
  from space 12288K, 99% used [0x00000000ea400000,0x00000000eaffd0d0,0x00000000eb000000)
  to   space 14848K, 0% used [0x00000000e9580000,0x00000000e9580000,0x00000000ea400000)
 ParOldGen       total 95744K, used 21526K [0x00000000a0000000, 0x00000000a5d80000, 0x00000000e0000000)
  object space 95744K, 22% used [0x00000000a0000000,0x00000000a15058c0,0x00000000a5d80000)
 Metaspace       used 53248K, capacity 54990K, committed 55168K, reserved 1097728K
  class space    used 7308K, capacity 7722K, committed 7808K, reserved 1048576K
Event: 7.951 GC heap after
Heap after GC invocations=11 (full 2):
 PSYoungGen      total 167936K, used 14827K [0x00000000e0000000, 0x00000000ee680000, 0x0000000100000000)
  eden space 153088K, 0% used [0x00000000e0000000,0x00000000e0000000,0x00000000e9580000)
  from space 14848K, 99% used [0x00000000e9580000,0x00000000ea3fae50,0x00000000ea400000)
  to   space 20992K, 0% used [0x00000000ed200000,0x00000000ed200000,0x00000000ee680000)
 ParOldGen       total 95744K, used 31749K [0x00000000a0000000, 0x00000000a5d80000, 0x00000000e0000000)
  object space 95744K, 33% used [0x00000000a0000000,0x00000000a1f01560,0x00000000a5d80000)
 Metaspace       used 53248K, capacity 54990K, committed 55168K, reserved 1097728K
  class space    used 7308K, capacity 7722K, committed 7808K, reserved 1048576K
}
Event: 9.299 GC heap before
{Heap before GC invocations=12 (full 2):
 PSYoungGen      total 167936K, used 43428K [0x00000000e0000000, 0x00000000ee680000, 0x0000000100000000)
  eden space 153088K, 18% used [0x00000000e0000000,0x00000000e1bee268,0x00000000e9580000)
  from space 14848K, 99% used [0x00000000e9580000,0x00000000ea3fae50,0x00000000ea400000)
  to   space 20992K, 0% used [0x00000000ed200000,0x00000000ed200000,0x00000000ee680000)
 ParOldGen       total 95744K, used 31749K [0x00000000a0000000, 0x00000000a5d80000, 0x00000000e0000000)
  object space 95744K, 33% used [0x00000000a0000000,0x00000000a1f01560,0x00000000a5d80000)
 Metaspace       used 57232K, capacity 58898K, committed 59008K, reserved 1099776K
  class space    used 7807K, capacity 8238K, committed 8320K, reserved 1048576K
Event: 9.319 GC heap after
Heap after GC invocations=12 (full 2):
 PSYoungGen      total 214016K, used 16660K [0x00000000e0000000, 0x00000000ee880000, 0x0000000100000000)
  eden space 193024K, 0% used [0x00000000e0000000,0x00000000e0000000,0x00000000ebc80000)
  from space 20992K, 79% used [0x00000000ed200000,0x00000000ee245158,0x00000000ee680000)
  to   space 22016K, 0% used [0x00000000ebc80000,0x00000000ebc80000,0x00000000ed200000)
 ParOldGen       total 95744K, used 37028K [0x00000000a0000000, 0x00000000a5d80000, 0x00000000e0000000)
  object space 95744K, 38% used [0x00000000a0000000,0x00000000a24291c8,0x00000000a5d80000)
 Metaspace       used 57232K, capacity 58898K, committed 59008K, reserved 1099776K
  class space    used 7807K, capacity 8238K, committed 8320K, reserved 1048576K
}
Event: 9.319 GC heap before
{Heap before GC invocations=13 (full 3):
 PSYoungGen      total 214016K, used 16660K [0x00000000e0000000, 0x00000000ee880000, 0x0000000100000000)
  eden space 193024K, 0% used [0x00000000e0000000,0x00000000e0000000,0x00000000ebc80000)
  from space 20992K, 79% used [0x00000000ed200000,0x00000000ee245158,0x00000000ee680000)
  to   space 22016K, 0% used [0x00000000ebc80000,0x00000000ebc80000,0x00000000ed200000)
 ParOldGen       total 95744K, used 37028K [0x00000000a0000000, 0x00000000a5d80000, 0x00000000e0000000)
  object space 95744K, 38% used [0x00000000a0000000,0x00000000a24291c8,0x00000000a5d80000)
 Metaspace       used 57232K, capacity 58898K, committed 59008K, reserved 1099776K
  class space    used 7807K, capacity 8238K, committed 8320K, reserved 1048576K
Event: 9.467 GC heap after
Heap after GC invocations=13 (full 3):
 PSYoungGen      total 214016K, used 0K [0x00000000e0000000, 0x00000000ee880000, 0x0000000100000000)
  eden space 193024K, 0% used [0x00000000e0000000,0x00000000e0000000,0x00000000ebc80000)
  from space 20992K, 0% used [0x00000000ed200000,0x00000000ed200000,0x00000000ee680000)
  to   space 22016K, 0% used [0x00000000ebc80000,0x00000000ebc80000,0x00000000ed200000)
 ParOldGen       total 145408K, used 39919K [0x00000000a0000000, 0x00000000a8e00000, 0x00000000e0000000)
  object space 145408K, 27% used [0x00000000a0000000,0x00000000a26fbc10,0x00000000a8e00000)
 Metaspace       used 57232K, capacity 58898K, committed 59008K, reserved 1099776K
  class space    used 7807K, capacity 8238K, committed 8320K, reserved 1048576K
}
Event: 13.023 GC heap before
{Heap before GC invocations=14 (full 3):
 PSYoungGen      total 214016K, used 193024K [0x00000000e0000000, 0x00000000ee880000, 0x0000000100000000)
  eden space 193024K, 100% used [0x00000000e0000000,0x00000000ebc80000,0x00000000ebc80000)
  from space 20992K, 0% used [0x00000000ed200000,0x00000000ed200000,0x00000000ee680000)
  to   space 22016K, 0% used [0x00000000ebc80000,0x00000000ebc80000,0x00000000ed200000)
 ParOldGen       total 145408K, used 39919K [0x00000000a0000000, 0x00000000a8e00000, 0x00000000e0000000)
  object space 145408K, 27% used [0x00000000a0000000,0x00000000a26fbc10,0x00000000a8e00000)
 Metaspace       used 67415K, capacity 70274K, committed 70528K, reserved 1110016K
  class space    used 9119K, capacity 9736K, committed 9856K, reserved 1048576K
Event: 13.068 GC heap after
Heap after GC invocations=14 (full 3):
 PSYoungGen      total 215040K, used 22004K [0x00000000e0000000, 0x00000000ee880000, 0x0000000100000000)
  eden space 193024K, 0% used [0x00000000e0000000,0x00000000e0000000,0x00000000ebc80000)
  from space 22016K, 99% used [0x00000000ebc80000,0x00000000ed1fd178,0x00000000ed200000)
  to   space 20992K, 0% used [0x00000000ed200000,0x00000000ed200000,0x00000000ee680000)
 ParOldGen       total 145408K, used 64512K [0x00000000a0000000, 0x00000000a8e00000, 0x00000000e0000000)
  object space 145408K, 44% used [0x00000000a0000000,0x00000000a3f00008,0x00000000a8e00000)
 Metaspace       used 67415K, capacity 70274K, committed 70528K, reserved 1110016K
  class space    used 9119K, capacity 9736K, committed 9856K, reserved 1048576K
}

