# JRE version: OpenJDK Runtime Environment (8.0_152-b02) (build 1.8.0_152-release-1024-b02)
# Java VM: OpenJDK 64-Bit Server VM (25.152-b02 mixed mode windows-amd64 compressed oops)
Heap:
 PSYoungGen      total 212992K, used 165215K [0x00000000e0000000, 0x00000000eed00000, 0x0000000100000000)
  eden space 191488K, 75% used [0x00000000e0000000,0x00000000e8c5d0b8,0x00000000ebb00000)
  from space 21504K, 99% used [0x00000000ebb00000,0x00000000ecffac50,0x00000000ed000000)
  to   space 19968K, 0% used [0x00000000ed000000,0x00000000ed000000,0x00000000ee380000)
 ParOldGen       total 151040K, used 46750K [0x00000000a0000000, 0x00000000a9380000, 0x00000000e0000000)
  object space 151040K, 30% used [0x00000000a0000000,0x00000000a2da7b68,0x00000000a9380000)
 Metaspace       used 67633K, capacity 69854K, committed 70016K, reserved 1110016K
  class space    used 8973K, capacity 9482K, committed 9600K, reserved 1048576K
GC Heap History (10 events):
Event: 5.022 GC heap before
{Heap before GC invocations=10 (full 2):
 PSYoungGen      total 140800K, used 131072K [0x00000000e0000000, 0x00000000eb580000, 0x0000000100000000)
  eden space 131072K, 100% used [0x00000000e0000000,0x00000000e8000000,0x00000000e8000000)
  from space 9728K, 0% used [0x00000000e8000000,0x00000000e8000000,0x00000000e8980000)
  to   space 12288K, 0% used [0x00000000ea980000,0x00000000ea980000,0x00000000eb580000)
 ParOldGen       total 97792K, used 19376K [0x00000000a0000000, 0x00000000a5f80000, 0x00000000e0000000)
  object space 97792K, 19% used [0x00000000a0000000,0x00000000a12ec1d8,0x00000000a5f80000)
 Metaspace       used 43033K, capacity 44036K, committed 44160K, reserved 1087488K
  class space    used 5936K, capacity 6241K, committed 6272K, reserved 1048576K
Event: 5.035 GC heap after
Heap after GC invocations=10 (full 2):
 PSYoungGen      total 171008K, used 12284K [0x00000000e0000000, 0x00000000ed100000, 0x0000000100000000)
  eden space 158720K, 0% used [0x00000000e0000000,0x00000000e0000000,0x00000000e9b00000)
  from space 12288K, 99% used [0x00000000ea980000,0x00000000eb57f1a0,0x00000000eb580000)
  to   space 14848K, 0% used [0x00000000e9b00000,0x00000000e9b00000,0x00000000ea980000)
 ParOldGen       total 97792K, used 21565K [0x00000000a0000000, 0x00000000a5f80000, 0x00000000e0000000)
  object space 97792K, 22% used [0x00000000a0000000,0x00000000a150f4b0,0x00000000a5f80000)
 Metaspace       used 43033K, capacity 44036K, committed 44160K, reserved 1087488K
  class space    used 5936K, capacity 6241K, committed 6272K, reserved 1048576K
}
Event: 7.282 GC heap before
{Heap before GC invocations=11 (full 2):
 PSYoungGen      total 171008K, used 171004K [0x00000000e0000000, 0x00000000ed100000, 0x0000000100000000)
  eden space 158720K, 100% used [0x00000000e0000000,0x00000000e9b00000,0x00000000e9b00000)
  from space 12288K, 99% used [0x00000000ea980000,0x00000000eb57f1a0,0x00000000eb580000)
  to   space 14848K, 0% used [0x00000000e9b00000,0x00000000e9b00000,0x00000000ea980000)
 ParOldGen       total 97792K, used 21565K [0x00000000a0000000, 0x00000000a5f80000, 0x00000000e0000000)
  object space 97792K, 22% used [0x00000000a0000000,0x00000000a150f4b0,0x00000000a5f80000)
 Metaspace       used 55807K, capacity 57558K, committed 57856K, reserved 1099776K
  class space    used 7665K, capacity 8110K, committed 8192K, reserved 1048576K
Event: 7.294 GC heap after
Heap after GC invocations=11 (full 2):
 PSYoungGen      total 173568K, used 14821K [0x00000000e0000000, 0x00000000ee380000, 0x0000000100000000)
  eden space 158720K, 0% used [0x00000000e0000000,0x00000000e0000000,0x00000000e9b00000)
  from space 14848K, 99% used [0x00000000e9b00000,0x00000000ea979510,0x00000000ea980000)
  to   space 19968K, 0% used [0x00000000ed000000,0x00000000ed000000,0x00000000ee380000)
 ParOldGen       total 97792K, used 29987K [0x00000000a0000000, 0x00000000a5f80000, 0x00000000e0000000)
  object space 97792K, 30% used [0x00000000a0000000,0x00000000a1d48c10,0x00000000a5f80000)
 Metaspace       used 55807K, capacity 57558K, committed 57856K, reserved 1099776K
  class space    used 7665K, capacity 8110K, committed 8192K, reserved 1048576K
}
Event: 7.651 GC heap before
{Heap before GC invocations=12 (full 2):
 PSYoungGen      total 173568K, used 40588K [0x00000000e0000000, 0x00000000ee380000, 0x0000000100000000)
  eden space 158720K, 16% used [0x00000000e0000000,0x00000000e1929ea8,0x00000000e9b00000)
  from space 14848K, 99% used [0x00000000e9b00000,0x00000000ea979510,0x00000000ea980000)
  to   space 19968K, 0% used [0x00000000ed000000,0x00000000ed000000,0x00000000ee380000)
 ParOldGen       total 97792K, used 29987K [0x00000000a0000000, 0x00000000a5f80000, 0x00000000e0000000)
  object space 97792K, 30% used [0x00000000a0000000,0x00000000a1d48c10,0x00000000a5f80000)
 Metaspace       used 57138K, capacity 58870K, committed 59008K, reserved 1099776K
  class space    used 7782K, capacity 8206K, committed 8320K, reserved 1048576K
Event: 7.664 GC heap after
Heap after GC invocations=12 (full 2):
 PSYoungGen      total 211456K, used 15824K [0x00000000e0000000, 0x00000000eed00000, 0x0000000100000000)
  eden space 191488K, 0% used [0x00000000e0000000,0x00000000e0000000,0x00000000ebb00000)
  from space 19968K, 79% used [0x00000000ed000000,0x00000000edf74170,0x00000000ee380000)
  to   space 21504K, 0% used [0x00000000ebb00000,0x00000000ebb00000,0x00000000ed000000)
 ParOldGen       total 97792K, used 36784K [0x00000000a0000000, 0x00000000a5f80000, 0x00000000e0000000)
  object space 97792K, 37% used [0x00000000a0000000,0x00000000a23ec348,0x00000000a5f80000)
 Metaspace       used 57138K, capacity 58870K, committed 59008K, reserved 1099776K
  class space    used 7782K, capacity 8206K, committed 8320K, reserved 1048576K
}
Event: 7.664 GC heap before
{Heap before GC invocations=13 (full 3):
 PSYoungGen      total 211456K, used 15824K [0x00000000e0000000, 0x00000000eed00000, 0x0000000100000000)
  eden space 191488K, 0% used [0x00000000e0000000,0x00000000e0000000,0x00000000ebb00000)
  from space 19968K, 79% used [0x00000000ed000000,0x00000000edf74170,0x00000000ee380000)
  to   space 21504K, 0% used [0x00000000ebb00000,0x00000000ebb00000,0x00000000ed000000)
 ParOldGen       total 97792K, used 36784K [0x00000000a0000000, 0x00000000a5f80000, 0x00000000e0000000)
  object space 97792K, 37% used [0x00000000a0000000,0x00000000a23ec348,0x00000000a5f80000)
 Metaspace       used 57138K, capacity 58870K, committed 59008K, reserved 1099776K
  class space    used 7782K, capacity 8206K, committed 8320K, reserved 1048576K
Event: 7.781 GC heap after
Heap after GC invocations=13 (full 3):
 PSYoungGen      total 211456K, used 0K [0x00000000e0000000, 0x00000000eed00000, 0x0000000100000000)
  eden space 191488K, 0% used [0x00000000e0000000,0x00000000e0000000,0x00000000ebb00000)
  from space 19968K, 0% used [0x00000000ed000000,0x00000000ed000000,0x00000000ee380000)
  to   space 21504K, 0% used [0x00000000ebb00000,0x00000000ebb00000,0x00000000ed000000)
 ParOldGen       total 151040K, used 43935K [0x00000000a0000000, 0x00000000a9380000, 0x00000000e0000000)
  object space 151040K, 29% used [0x00000000a0000000,0x00000000a2ae7ee8,0x00000000a9380000)
 Metaspace       used 57138K, capacity 58870K, committed 59008K, reserved 1099776K
  class space    used 7782K, capacity 8206K, committed 8320K, reserved 1048576K
}
Event: 11.383 GC heap before
{Heap before GC invocations=14 (full 3):
 PSYoungGen      total 211456K, used 191488K [0x00000000e0000000, 0x00000000eed00000, 0x0000000100000000)
  eden space 191488K, 100% used [0x00000000e0000000,0x00000000ebb00000,0x00000000ebb00000)
  from space 19968K, 0% used [0x00000000ed000000,0x00000000ed000000,0x00000000ee380000)
  to   space 21504K, 0% used [0x00000000ebb00000,0x00000000ebb00000,0x00000000ed000000)
 ParOldGen       total 151040K, used 43935K [0x00000000a0000000, 0x00000000a9380000, 0x00000000e0000000)
  object space 151040K, 29% used [0x00000000a0000000,0x00000000a2ae7ee8,0x00000000a9380000)
 Metaspace       used 66890K, capacity 69020K, committed 69120K, reserved 1110016K
  class space    used 8910K, capacity 9409K, committed 9472K, reserved 1048576K
Event: 11.406 GC heap after
Heap after GC invocations=14 (full 3):
 PSYoungGen      total 212992K, used 21483K [0x00000000e0000000, 0x00000000eed00000, 0x0000000100000000)
  eden space 191488K, 0% used [0x00000000e0000000,0x00000000e0000000,0x00000000ebb00000)
  from space 21504K, 99% used [0x00000000ebb00000,0x00000000ecffac50,0x00000000ed000000)
  to   space 19968K, 0% used [0x00000000ed000000,0x00000000ed000000,0x00000000ee380000)
 ParOldGen       total 151040K, used 46750K [0x00000000a0000000, 0x00000000a9380000, 0x00000000e0000000)
  object space 151040K, 30% used [0x00000000a0000000,0x00000000a2da7b68,0x00000000a9380000)
 Metaspace       used 66890K, capacity 69020K, committed 69120K, reserved 1110016K
  class space    used 8910K, capacity 9409K, committed 9472K, reserved 1048576K
}

